SLURM_JOBID=98
SLURM_JOB_NODELIST=node1
SLURM_JOB_NUM_NODES=1
SLURM_NTASKS=2


Sequential execution with gnu9
Tue May  9 22:22:52 CEST 2023
mpi-pi.c: In function 'main':
mpi-pi.c:48:5: warning: implicit declaration of function 'gettimeofday' [-Wimplicit-function-declaration]
   48 |     gettimeofday(&ti, NULL);
      |     ^~~~~~~~~~~~
NPROCS=1, N=2000000000, TIMES=40
node1.dec.udc.es: I am process 0 of 1
pi is approximately 3.1415926535898389, Error is 0.0000000000000457
Time (seconds) = 757.2079120000


-----------------------------------------


Sequential execution with gnu12 with openmpi4
Tue May  9 22:35:31 CEST 2023

The following have been reloaded with a version change:
  1) openmpi4/4.1.1 => openmpi4/4.1.4

mpi-pi.c: In function 'main':
mpi-pi.c:48:5: warning: implicit declaration of function 'gettimeofday' [-Wimplicit-function-declaration]
   48 |     gettimeofday(&ti, NULL);
      |     ^~~~~~~~~~~~
NPROCS=1, N=2000000000, TIMES=40
node1.dec.udc.es: I am process 0 of 1
pi is approximately 3.1415926535898389, Error is 0.0000000000000457
Time (seconds) = 170.6806170000


-----------------------------------------


Sequential execution with gnu12 with openmpi4
Tue May  9 22:38:24 CEST 2023
mpi-pi.c: In function 'main':
mpi-pi.c:48:5: warning: implicit declaration of function 'gettimeofday' [-Wimplicit-function-declaration]
   48 |     gettimeofday(&ti, NULL);
      |     ^~~~~~~~~~~~
mpi-pi.c:21:12: warning: unused variable 'buffpi' [-Wunused-variable]
   21 |     double buffpi;
      |            ^~~~~~
mpi-pi.c:20:16: warning: unused variable 'status' [-Wunused-variable]
   20 |     MPI_Status status;
      |                ^~~~~~
NPROCS=1, N=2000000000, TIMES=40
node1.dec.udc.es: I am process 0 of 1
pi is approximately 3.1415926535898389, Error is 0.0000000000000457
Time (seconds) = 82.0743710000


-----------------------------------------


Parallel execution using Open MPI 4 with gnu9: /opt/ohpc/pub/mpi/openmpi4-gnu9/4.1.1
Tue May  9 22:39:47 CEST 2023
mpirun (Open MPI) 4.1.1

Report bugs to http://www.open-mpi.org/community/help/
NPROCS=2, N=2000000000, TIMES=40
node1.dec.udc.es: I am process 0 of 2
node1.dec.udc.es: I am process 1 of 2
pi is approximately 3.1415926535896617, Error is 0.0000000000001315
Time (seconds) = 381.8807870000


-----------------------------------------



The following have been reloaded with a version change:
  1) openmpi4/4.1.1 => openmpi4/4.1.4

Parallel execution using Open MPI 12 with gnu12: /opt/ohpc/pub/mpi/openmpi4-gnu12/4.1.4
Tue May  9 22:46:10 CEST 2023
mpirun (Open MPI) 4.1.4

Report bugs to http://www.open-mpi.org/community/help/
NPROCS=2, N=2000000000, TIMES=40
node1.dec.udc.es: I am process 0 of 2
node1.dec.udc.es: I am process 1 of 2
pi is approximately 3.1415926535896617, Error is 0.0000000000001315
Time (seconds) = 85.9249420000


-----------------------------------------


Parallel execution using mvapich2 with gnu12: /opt/ohpc/pub/mpi/mvapich2-gnu12/2.3.7
Tue May  9 22:47:38 CEST 2023
HYDRA build details:
    Version:                                 3.2.1
    Release Date:                            General Availability Release
    CC:                              gcc  -O3 -g -pipe -Wall -fexceptions -fstack-protector-strong -grecord-gcc-switches -mtune=generic -m64  
    CXX:                             g++  -O3 -g -pipe -Wall -fexceptions -fstack-protector-strong -grecord-gcc-switches -mtune=generic -m64  
    F77:                             gfortran -fallow-argument-mismatch  
    F90:                             gfortran -O3 -g -pipe -Wall -fexceptions -fstack-protector-strong -grecord-gcc-switches -mtune=generic -m64  
    Configure options:                       '--disable-option-checking' '--prefix=/opt/ohpc/pub/mpi/mvapich2-gnu12/2.3.7' '--libdir=/opt/ohpc/pub/mpi/mvapich2-gnu12/2.3.7/lib' '--enable-cxx' '--enable-g=dbg' '--with-device=ch3:mrail' '--disable-ibv-dlopen' '--enable-fast=O3' 'CC=gcc' 'CFLAGS=-O3 -g -pipe -Wall -fexceptions -fstack-protector-strong -grecord-gcc-switches -mtune=generic -m64 -g -O3' 'CXX=g++' 'CXXFLAGS=-O3 -g -pipe -Wall -fexceptions -fstack-protector-strong -grecord-gcc-switches -mtune=generic -m64 -g -O3' 'FC=gfortran' 'FCFLAGS=-O3 -g -pipe -Wall -fexceptions -fstack-protector-strong -grecord-gcc-switches -mtune=generic -m64 -g -O3' 'F77=gfortran' 'FFLAGS=-fallow-argument-mismatch -g -O3' '--cache-file=/dev/null' '--srcdir=.' 'LDFLAGS=' 'LIBS=-lrt -libmad -lrdmacm -libumad -libverbs -ldl -lm -lpthread ' 'CPPFLAGS= -I/home/abuild/rpmbuild/BUILD/mvapich2-2.3.7/src/mpl/include -I/home/abuild/rpmbuild/BUILD/mvapich2-2.3.7/src/mpl/include -I/home/abuild/rpmbuild/BUILD/mvapich2-2.3.7/src/openpa/src -I/home/abuild/rpmbuild/BUILD/mvapich2-2.3.7/src/openpa/src -D_REENTRANT -I/home/abuild/rpmbuild/BUILD/mvapich2-2.3.7/src/mpi/romio/include' 'MPLLIBNAME=mpl'
    Process Manager:                         pmi
    Launchers available:                     ssh rsh fork slurm ll lsf sge manual persist
    Topology libraries available:            hwloc
    Resource management kernels available:   user slurm ll lsf sge pbs cobalt
    Checkpointing libraries available:       
    Demux engines available:                 poll select
[proxy:0:0@node1.dec.udc.es] HYDU_create_process (utils/launch/launch.c:74): execvp error on file mpi-pi-gnu12-mvapich (Permission denied)
[proxy:0:0@node1.dec.udc.es] HYDU_create_process (utils/launch/launch.c:74): execvp error on file mpi-pi-gnu12-mvapich (Permission denied)
-----------------------------------------
